<?xml version="1.0" encoding="UTF-8"?>
<testng-results skipped="0" failed="3" total="3" passed="0">
  <reporter-output>
  </reporter-output>
  <suite name="Hub Spot Test Suite" duration-ms="47540" started-at="2019-06-14T11:52:36Z" finished-at="2019-06-14T11:53:23Z">
    <groups>
    </groups>
    <test name="hub spot Regression Test" duration-ms="47540" started-at="2019-06-14T11:52:36Z" finished-at="2019-06-14T11:53:23Z">
      <class name="com.qa.hubspot.tests.LoginPageByTest_4">
        <test-method status="PASS" signature="setup()[pri:0, instance:com.qa.hubspot.tests.LoginPageByTest_4@6c49835d]" name="setup" is-config="true" duration-ms="14994" started-at="2019-06-14T06:52:36Z" finished-at="2019-06-14T06:52:51Z">
          <reporter-output>
          </reporter-output>
        </test-method> <!-- setup -->
        <test-method status="FAIL" signature="verifyLoginPageTitleTest()[pri:1, instance:com.qa.hubspot.tests.LoginPageByTest_4@6c49835d]" name="verifyLoginPageTitleTest" duration-ms="0" started-at="2019-06-14T06:52:51Z" finished-at="2019-06-14T06:52:51Z">
          <exception class="java.lang.NoSuchMethodError">
            <message>
              <![CDATA[org.testng.ITestNGMethod.getQualifiedName()Ljava/lang/String;]]>
            </message>
            <full-stacktrace>
              <![CDATA[java.lang.NoSuchMethodError: org.testng.ITestNGMethod.getQualifiedName()Ljava/lang/String;
	at com.qa.hubspot.listeners.ExtentReportListener.onTestStart(ExtentReportListener.java:69)
	at org.testng.internal.Invoker.runTestListeners(Invoker.java:1702)
	at org.testng.internal.Invoker.runTestListeners(Invoker.java:1677)
	at org.testng.internal.Invoker.invokeMethod(Invoker.java:620)
	at org.testng.internal.Invoker.invokeTestMethod(Invoker.java:822)
	at org.testng.internal.Invoker.invokeTestMethods(Invoker.java:1130)
	at org.testng.internal.TestMethodWorker.invokeTestMethods(TestMethodWorker.java:129)
	at org.testng.internal.TestMethodWorker.run(TestMethodWorker.java:112)
	at java.util.concurrent.ThreadPoolExecutor.runWorker(Unknown Source)
	at java.util.concurrent.ThreadPoolExecutor$Worker.run(Unknown Source)
	at java.lang.Thread.run(Unknown Source)
]]>
            </full-stacktrace>
          </exception> <!-- java.lang.NoSuchMethodError -->
          <reporter-output>
          </reporter-output>
        </test-method> <!-- verifyLoginPageTitleTest -->
        <test-method status="PASS" signature="setup()[pri:0, instance:com.qa.hubspot.tests.LoginPageByTest_4@6c49835d]" name="setup" is-config="true" duration-ms="13306" started-at="2019-06-14T06:52:51Z" finished-at="2019-06-14T06:53:05Z">
          <reporter-output>
          </reporter-output>
        </test-method> <!-- setup -->
        <test-method status="FAIL" signature="verifySignUpLinkTest()[pri:2, instance:com.qa.hubspot.tests.LoginPageByTest_4@6c49835d]" name="verifySignUpLinkTest" duration-ms="5" started-at="2019-06-14T06:53:05Z" finished-at="2019-06-14T06:53:05Z">
          <exception class="java.lang.NoSuchMethodError">
            <message>
              <![CDATA[org.testng.ITestNGMethod.getQualifiedName()Ljava/lang/String;]]>
            </message>
            <full-stacktrace>
              <![CDATA[java.lang.NoSuchMethodError: org.testng.ITestNGMethod.getQualifiedName()Ljava/lang/String;
	at com.qa.hubspot.listeners.ExtentReportListener.onTestStart(ExtentReportListener.java:69)
	at org.testng.internal.Invoker.runTestListeners(Invoker.java:1702)
	at org.testng.internal.Invoker.runTestListeners(Invoker.java:1677)
	at org.testng.internal.Invoker.invokeMethod(Invoker.java:620)
	at org.testng.internal.Invoker.invokeTestMethod(Invoker.java:822)
	at org.testng.internal.Invoker.invokeTestMethods(Invoker.java:1130)
	at org.testng.internal.TestMethodWorker.invokeTestMethods(TestMethodWorker.java:129)
	at org.testng.internal.TestMethodWorker.run(TestMethodWorker.java:112)
	at java.util.concurrent.ThreadPoolExecutor.runWorker(Unknown Source)
	at java.util.concurrent.ThreadPoolExecutor$Worker.run(Unknown Source)
	at java.lang.Thread.run(Unknown Source)
]]>
            </full-stacktrace>
          </exception> <!-- java.lang.NoSuchMethodError -->
          <reporter-output>
          </reporter-output>
        </test-method> <!-- verifySignUpLinkTest -->
        <test-method status="PASS" signature="setup()[pri:0, instance:com.qa.hubspot.tests.LoginPageByTest_4@6c49835d]" name="setup" is-config="true" duration-ms="17341" started-at="2019-06-14T06:53:05Z" finished-at="2019-06-14T06:53:23Z">
          <reporter-output>
          </reporter-output>
        </test-method> <!-- setup -->
        <test-method status="FAIL" signature="loginTest()[pri:3, instance:com.qa.hubspot.tests.LoginPageByTest_4@6c49835d]" name="loginTest" duration-ms="2" started-at="2019-06-14T06:53:23Z" finished-at="2019-06-14T06:53:23Z">
          <exception class="java.lang.NoSuchMethodError">
            <message>
              <![CDATA[org.testng.ITestNGMethod.getQualifiedName()Ljava/lang/String;]]>
            </message>
            <full-stacktrace>
              <![CDATA[java.lang.NoSuchMethodError: org.testng.ITestNGMethod.getQualifiedName()Ljava/lang/String;
	at com.qa.hubspot.listeners.ExtentReportListener.onTestStart(ExtentReportListener.java:69)
	at org.testng.internal.Invoker.runTestListeners(Invoker.java:1702)
	at org.testng.internal.Invoker.runTestListeners(Invoker.java:1677)
	at org.testng.internal.Invoker.invokeMethod(Invoker.java:620)
	at org.testng.internal.Invoker.invokeTestMethod(Invoker.java:822)
	at org.testng.internal.Invoker.invokeTestMethods(Invoker.java:1130)
	at org.testng.internal.TestMethodWorker.invokeTestMethods(TestMethodWorker.java:129)
	at org.testng.internal.TestMethodWorker.run(TestMethodWorker.java:112)
	at java.util.concurrent.ThreadPoolExecutor.runWorker(Unknown Source)
	at java.util.concurrent.ThreadPoolExecutor$Worker.run(Unknown Source)
	at java.lang.Thread.run(Unknown Source)
]]>
            </full-stacktrace>
          </exception> <!-- java.lang.NoSuchMethodError -->
          <reporter-output>
          </reporter-output>
        </test-method> <!-- loginTest -->
      </class> <!-- com.qa.hubspot.tests.LoginPageByTest_4 -->
    </test> <!-- hub spot Regression Test -->
  </suite> <!-- Hub Spot Test Suite -->
</testng-results>
