<?xml version="1.0" encoding="UTF-8"?>
<!-- Generated by org.testng.reporters.JUnitXMLReporter -->
<testsuite hostname="LAPTOP-H5M8MUR9" name="hub spot Regression Test" tests="2" failures="2" timestamp="14 Jun 2019 21:30:35 GMT" time="28.495" errors="0">
  <testcase name="verifyLoginPageTitleTest" time="0.1" classname="com.qa.hubspot.tests.LoginPageByTest_4">
    <failure type="java.lang.NoSuchMethodError" message="org.testng.ITestNGMethod.getQualifiedName()Ljava/lang/String;">
      <![CDATA[java.lang.NoSuchMethodError: org.testng.ITestNGMethod.getQualifiedName()Ljava/lang/String;
	at com.qa.hubspot.listeners.ExtentReportListener.onTestStart(ExtentReportListener.java:69)
... Removed 21 stack frames]]>
    </failure>
  </testcase> <!-- verifyLoginPageTitleTest -->
  <testcase name="verifyLoginPageTitleTest" time="28.212" classname="com.qa.hubspot.tests.LoginPageByTest_4">
    <failure type="java.lang.NullPointerException">
      <![CDATA[java.lang.NullPointerException
	at com.qa.hubspot.listeners.ExtentReportListener.onTestFailure(ExtentReportListener.java:97)
... Removed 21 stack frames]]>
    </failure>
  </testcase> <!-- verifyLoginPageTitleTest -->
</testsuite> <!-- hub spot Regression Test -->
